<?xml version="1.0" encoding="UTF-8"?>
<!-- Generated by org.testng.reporters.JUnitReportReporter -->
<testsuite hostname="KhajaZakiUddin" name="com.crm.qa.testcases.LoginPageTest" tests="2" failures="0" timestamp="22 Mar 2019 01:51:06 GMT" time="56.825" errors="0">
  <testcase name="loginPageTitleTest" time="28.916" classname="com.crm.qa.testcases.LoginPageTest"/>
  <testcase name="LoginTest" time="27.909" classname="com.crm.qa.testcases.LoginPageTest"/>
</testsuite> <!-- com.crm.qa.testcases.LoginPageTest -->
