<?xml version="1.0" encoding="UTF-8"?>
<!-- Generated by org.testng.reporters.JUnitReportReporter -->
<testsuite hostname="KhajaZakiUddin" name="com.crm.qa.testcases.HomePageTest" tests="3" failures="0" timestamp="22 Mar 2019 01:51:06 GMT" time="99.581" errors="0">
  <testcase name="verifyCorrectUsername" time="35.318" classname="com.crm.qa.testcases.HomePageTest"/>
  <testcase name="verifyclickonContactslinkTest" time="39.241" classname="com.crm.qa.testcases.HomePageTest"/>
  <testcase name="verifyHomePageTitleTest" time="25.022" classname="com.crm.qa.testcases.HomePageTest"/>
</testsuite> <!-- com.crm.qa.testcases.HomePageTest -->
