<?xml version="1.0" encoding="UTF-8"?>
<!-- Generated by org.testng.reporters.JUnitReportReporter -->
<testsuite hostname="KhajaZakiUddin" name="com.crm.qa.testcases.ContactsPageTest" tests="6" failures="0" timestamp="22 Mar 2019 01:51:06 GMT" time="202.242" errors="0">
  <testcase name="createNewContactsTest" time="40.166" classname="com.crm.qa.testcases.ContactsPageTest"/>
  <testcase name="verifyContactsLabelTest" time="25.226" classname="com.crm.qa.testcases.ContactsPageTest"/>
  <testcase name="selectSingleContactsByNameTest" time="34.918" classname="com.crm.qa.testcases.ContactsPageTest"/>
  <testcase name="selectMultipleContactsByNameTest" time="32.638" classname="com.crm.qa.testcases.ContactsPageTest"/>
  <testcase name="createNewContactsTest" time="33.801" classname="com.crm.qa.testcases.ContactsPageTest"/>
  <testcase name="createNewContactsTest" time="35.493" classname="com.crm.qa.testcases.ContactsPageTest"/>
</testsuite> <!-- com.crm.qa.testcases.ContactsPageTest -->
